{"contracts/Lock.sol":{"l":{"14":2,"19":1,"20":1,"27":5,"28":4,"30":3,"32":3},"path":"/root/nft-auction-js3/contracts/Lock.sol","s":{"1":2,"2":5,"3":4,"4":3,"5":3},"b":{"1":[1,1],"2":[4,1],"3":[3,1]},"f":{"1":2,"2":5},"fnMap":{"1":{"name":"constructor","line":13,"loc":{"start":{"line":13,"column":4},"end":{"line":21,"column":4}}},"2":{"name":"withdraw","line":23,"loc":{"start":{"line":23,"column":4},"end":{"line":33,"column":4}}}},"statementMap":{"1":{"start":{"line":14,"column":8},"end":{"line":14,"column":328}},"2":{"start":{"line":27,"column":8},"end":{"line":27,"column":71}},"3":{"start":{"line":28,"column":8},"end":{"line":28,"column":59}},"4":{"start":{"line":30,"column":8},"end":{"line":30,"column":63}},"5":{"start":{"line":32,"column":8},"end":{"line":32,"column":44}}},"branchMap":{"1":{"line":14,"type":"if","locations":[{"start":{"line":14,"column":8},"end":{"line":14,"column":8}},{"start":{"line":14,"column":8},"end":{"line":14,"column":8}}]},"2":{"line":27,"type":"if","locations":[{"start":{"line":27,"column":8},"end":{"line":27,"column":8}},{"start":{"line":27,"column":8},"end":{"line":27,"column":8}}]},"3":{"line":28,"type":"if","locations":[{"start":{"line":28,"column":8},"end":{"line":28,"column":8}},{"start":{"line":28,"column":8},"end":{"line":28,"column":8}}]}}},"contracts/MockERC20.sol":{"l":{"12":3},"path":"/root/nft-auction-js3/contracts/MockERC20.sol","s":{"1":3},"b":{},"f":{"1":3},"fnMap":{"1":{"name":"constructor","line":11,"loc":{"start":{"line":7,"column":4},"end":{"line":13,"column":4}}}},"statementMap":{"1":{"start":{"line":12,"column":8},"end":{"line":12,"column":39}}},"branchMap":{}},"contracts/MockNFT.sol":{"l":{"11":35,"15":26,"19":1,"20":1,"21":1,"22":1,"26":1},"path":"/root/nft-auction-js3/contracts/MockNFT.sol","s":{"1":26,"2":1,"3":1,"4":1,"5":1},"b":{},"f":{"1":35,"2":26,"3":1,"4":1},"fnMap":{"1":{"name":"constructor","line":10,"loc":{"start":{"line":10,"column":4},"end":{"line":12,"column":4}}},"2":{"name":"mint","line":14,"loc":{"start":{"line":14,"column":4},"end":{"line":16,"column":4}}},"3":{"name":"safeMint","line":18,"loc":{"start":{"line":18,"column":4},"end":{"line":23,"column":4}}},"4":{"name":"getNextTokenId","line":25,"loc":{"start":{"line":25,"column":4},"end":{"line":27,"column":4}}}},"statementMap":{"1":{"start":{"line":15,"column":8},"end":{"line":15,"column":25}},"2":{"start":{"line":19,"column":8},"end":{"line":19,"column":38}},"3":{"start":{"line":21,"column":8},"end":{"line":21,"column":29}},"4":{"start":{"line":22,"column":8},"end":{"line":22,"column":22}},"5":{"start":{"line":26,"column":8},"end":{"line":26,"column":27}}},"branchMap":{}},"contracts/MockPriceFeed.sol":{"l":{"18":30,"19":30,"20":30,"24":7,"25":7,"26":7,"27":7,"42":55,"66":2,"67":1,"76":1},"path":"/root/nft-auction-js3/contracts/MockPriceFeed.sol","s":{"1":55,"2":2,"3":1,"4":1},"b":{"1":[1,1]},"f":{"1":30,"2":7,"3":55,"4":2},"fnMap":{"1":{"name":"constructor","line":17,"loc":{"start":{"line":17,"column":4},"end":{"line":21,"column":4}}},"2":{"name":"setPrice","line":23,"loc":{"start":{"line":23,"column":4},"end":{"line":28,"column":4}}},"3":{"name":"latestRoundData","line":30,"loc":{"start":{"line":30,"column":4},"end":{"line":49,"column":4}}},"4":{"name":"getRoundData","line":51,"loc":{"start":{"line":51,"column":4},"end":{"line":78,"column":4}}}},"statementMap":{"1":{"start":{"line":42,"column":8},"end":{"line":42,"column":1180}},"2":{"start":{"line":66,"column":8},"end":{"line":66,"column":1715}},"3":{"start":{"line":67,"column":12},"end":{"line":67,"column":1770}},"4":{"start":{"line":76,"column":12},"end":{"line":76,"column":56}}},"branchMap":{"1":{"line":66,"type":"if","locations":[{"start":{"line":66,"column":8},"end":{"line":66,"column":8}},{"start":{"line":66,"column":8},"end":{"line":66,"column":8}}]}}},"contracts/NftAuction.sol":{"l":{"54":27,"58":19,"73":40,"78":40,"89":40,"100":16,"101":15,"102":14,"105":13,"111":13,"123":13,"132":13,"135":13,"141":13,"142":13,"143":4,"147":9,"148":9,"153":13,"155":13,"158":13,"164":13,"165":4,"173":13,"174":2,"176":1,"179":1,"186":13,"187":13,"188":13,"193":7,"196":7,"202":5,"210":5,"212":4,"215":1,"220":5,"226":10,"235":13},"path":"/root/nft-auction-js3/contracts/NftAuction.sol","s":{"1":40,"2":40,"3":40,"4":16,"5":15,"6":14,"7":13,"8":13,"9":13,"10":13,"11":13,"12":13,"13":13,"14":13,"15":13,"16":4,"17":13,"18":2,"19":1,"20":1,"21":7,"22":7,"23":5,"24":5,"25":4,"26":1,"27":10,"28":13},"b":{"1":[27,0],"2":[15,1],"3":[14,1],"4":[13,1],"5":[13,0],"6":[4,9],"7":[13,0],"8":[4,9],"9":[2,11],"10":[1,1],"11":[5,2],"12":[4,1],"13":[10,0]},"f":{"1":27,"2":19,"3":40,"4":16,"5":13,"6":7,"7":10,"8":13},"fnMap":{"1":{"name":"initialize","line":53,"loc":{"start":{"line":53,"column":4},"end":{"line":55,"column":4}}},"2":{"name":"setPriceFeed","line":57,"loc":{"start":{"line":57,"column":4},"end":{"line":59,"column":4}}},"3":{"name":"getChainlinkDataFeedLatestAnswer","line":65,"loc":{"start":{"line":65,"column":4},"end":{"line":90,"column":4}}},"4":{"name":"createAuction","line":93,"loc":{"start":{"line":93,"column":4},"end":{"line":124,"column":4}}},"5":{"name":"bidWith","line":127,"loc":{"start":{"line":127,"column":4},"end":{"line":189,"column":4}}},"6":{"name":"endAuction","line":192,"loc":{"start":{"line":192,"column":4},"end":{"line":221,"column":4}}},"7":{"name":"_authorizeUpgrade","line":224,"loc":{"start":{"line":224,"column":4},"end":{"line":227,"column":4}}},"8":{"name":"onERC721Received","line":229,"loc":{"start":{"line":229,"column":4},"end":{"line":236,"column":4}}}},"statementMap":{"1":{"start":{"line":73,"column":8},"end":{"line":73,"column":66}},"2":{"start":{"line":78,"column":8},"end":{"line":78,"column":2572}},"3":{"start":{"line":89,"column":8},"end":{"line":89,"column":21}},"4":{"start":{"line":100,"column":8},"end":{"line":100,"column":69}},"5":{"start":{"line":101,"column":8},"end":{"line":101,"column":68}},"6":{"start":{"line":102,"column":8},"end":{"line":102,"column":75}},"7":{"start":{"line":105,"column":8},"end":{"line":105,"column":3449}},"8":{"start":{"line":132,"column":8},"end":{"line":132,"column":54}},"9":{"start":{"line":135,"column":8},"end":{"line":135,"column":4339}},"10":{"start":{"line":141,"column":8},"end":{"line":141,"column":21}},"11":{"start":{"line":142,"column":8},"end":{"line":142,"column":4525}},"12":{"start":{"line":153,"column":8},"end":{"line":153,"column":4927}},"13":{"start":{"line":155,"column":8},"end":{"line":155,"column":5056}},"14":{"start":{"line":158,"column":8},"end":{"line":158,"column":5119}},"15":{"start":{"line":164,"column":8},"end":{"line":164,"column":5305}},"16":{"start":{"line":165,"column":12},"end":{"line":165,"column":5356}},"17":{"start":{"line":173,"column":8},"end":{"line":173,"column":5522}},"18":{"start":{"line":174,"column":12},"end":{"line":174,"column":5568}},"19":{"start":{"line":176,"column":16},"end":{"line":176,"column":74}},"20":{"start":{"line":179,"column":16},"end":{"line":179,"column":5802}},"21":{"start":{"line":193,"column":8},"end":{"line":193,"column":54}},"22":{"start":{"line":196,"column":8},"end":{"line":196,"column":6248}},"23":{"start":{"line":202,"column":8},"end":{"line":202,"column":6440}},"24":{"start":{"line":210,"column":8},"end":{"line":210,"column":6682}},"25":{"start":{"line":212,"column":12},"end":{"line":212,"column":63}},"26":{"start":{"line":215,"column":12},"end":{"line":215,"column":6867}},"27":{"start":{"line":226,"column":8},"end":{"line":226,"column":61}},"28":{"start":{"line":235,"column":8},"end":{"line":235,"column":45}}},"branchMap":{"1":{"line":53,"type":"if","locations":[{"start":{"line":53,"column":33},"end":{"line":53,"column":33}},{"start":{"line":53,"column":33},"end":{"line":53,"column":33}}]},"2":{"line":100,"type":"if","locations":[{"start":{"line":100,"column":8},"end":{"line":100,"column":8}},{"start":{"line":100,"column":8},"end":{"line":100,"column":8}}]},"3":{"line":101,"type":"if","locations":[{"start":{"line":101,"column":8},"end":{"line":101,"column":8}},{"start":{"line":101,"column":8},"end":{"line":101,"column":8}}]},"4":{"line":102,"type":"if","locations":[{"start":{"line":102,"column":8},"end":{"line":102,"column":8}},{"start":{"line":102,"column":8},"end":{"line":102,"column":8}}]},"5":{"line":135,"type":"if","locations":[{"start":{"line":135,"column":8},"end":{"line":135,"column":8}},{"start":{"line":135,"column":8},"end":{"line":135,"column":8}}]},"6":{"line":142,"type":"if","locations":[{"start":{"line":142,"column":8},"end":{"line":142,"column":8}},{"start":{"line":142,"column":8},"end":{"line":142,"column":8}}]},"7":{"line":158,"type":"if","locations":[{"start":{"line":158,"column":8},"end":{"line":158,"column":8}},{"start":{"line":158,"column":8},"end":{"line":158,"column":8}}]},"8":{"line":164,"type":"if","locations":[{"start":{"line":164,"column":8},"end":{"line":164,"column":8}},{"start":{"line":164,"column":8},"end":{"line":164,"column":8}}]},"9":{"line":173,"type":"if","locations":[{"start":{"line":173,"column":8},"end":{"line":173,"column":8}},{"start":{"line":173,"column":8},"end":{"line":173,"column":8}}]},"10":{"line":174,"type":"if","locations":[{"start":{"line":174,"column":12},"end":{"line":174,"column":12}},{"start":{"line":174,"column":12},"end":{"line":174,"column":12}}]},"11":{"line":196,"type":"if","locations":[{"start":{"line":196,"column":8},"end":{"line":196,"column":8}},{"start":{"line":196,"column":8},"end":{"line":196,"column":8}}]},"12":{"line":210,"type":"if","locations":[{"start":{"line":210,"column":8},"end":{"line":210,"column":8}},{"start":{"line":210,"column":8},"end":{"line":210,"column":8}}]},"13":{"line":226,"type":"if","locations":[{"start":{"line":226,"column":8},"end":{"line":226,"column":8}},{"start":{"line":226,"column":8},"end":{"line":226,"column":8}}]}}},"contracts/NftAuctionV2.sol":{"l":{"8":5},"path":"/root/nft-auction-js3/contracts/NftAuctionV2.sol","s":{"1":5},"b":{},"f":{"1":5},"fnMap":{"1":{"name":"testHello","line":7,"loc":{"start":{"line":7,"column":4},"end":{"line":9,"column":4}}}},"statementMap":{"1":{"start":{"line":8,"column":8},"end":{"line":8,"column":30}}},"branchMap":{}}}