TN:
SF:/root/nft-auction-js3/contracts/Lock.sol
FN:13,constructor
FN:23,withdraw
FNF:2
FNH:2
FNDA:2,constructor
FNDA:5,withdraw
DA:14,2
DA:19,1
DA:20,1
DA:27,5
DA:28,4
DA:30,3
DA:32,3
LF:7
LH:7
BRDA:14,1,0,1
BRDA:14,1,1,1
BRDA:27,2,0,4
BRDA:27,2,1,1
BRDA:28,3,0,3
BRDA:28,3,1,1
BRF:6
BRH:6
end_of_record
TN:
SF:/root/nft-auction-js3/contracts/MockERC20.sol
FN:11,constructor
FNF:1
FNH:1
FNDA:3,constructor
DA:12,3
LF:1
LH:1
BRF:0
BRH:0
end_of_record
TN:
SF:/root/nft-auction-js3/contracts/MockNFT.sol
FN:10,constructor
FN:14,mint
FN:18,safeMint
FN:25,getNextTokenId
FNF:4
FNH:4
FNDA:35,constructor
FNDA:26,mint
FNDA:1,safeMint
FNDA:1,getNextTokenId
DA:11,35
DA:15,26
DA:19,1
DA:20,1
DA:21,1
DA:22,1
DA:26,1
LF:7
LH:7
BRF:0
BRH:0
end_of_record
TN:
SF:/root/nft-auction-js3/contracts/MockPriceFeed.sol
FN:17,constructor
FN:23,setPrice
FN:30,latestRoundData
FN:51,getRoundData
FNF:4
FNH:4
FNDA:30,constructor
FNDA:7,setPrice
FNDA:55,latestRoundData
FNDA:2,getRoundData
DA:18,30
DA:19,30
DA:20,30
DA:24,7
DA:25,7
DA:26,7
DA:27,7
DA:42,55
DA:66,2
DA:67,1
DA:76,1
LF:11
LH:11
BRDA:66,1,0,1
BRDA:66,1,1,1
BRF:2
BRH:2
end_of_record
TN:
SF:/root/nft-auction-js3/contracts/NftAuction.sol
FN:53,initialize
FN:57,setPriceFeed
FN:65,getChainlinkDataFeedLatestAnswer
FN:93,createAuction
FN:127,bidWith
FN:192,endAuction
FN:224,_authorizeUpgrade
FN:229,onERC721Received
FNF:8
FNH:8
FNDA:27,initialize
FNDA:19,setPriceFeed
FNDA:40,getChainlinkDataFeedLatestAnswer
FNDA:16,createAuction
FNDA:13,bidWith
FNDA:7,endAuction
FNDA:10,_authorizeUpgrade
FNDA:13,onERC721Received
DA:54,27
DA:58,19
DA:73,40
DA:78,40
DA:89,40
DA:100,16
DA:101,15
DA:102,14
DA:105,13
DA:111,13
DA:123,13
DA:132,13
DA:135,13
DA:141,13
DA:142,13
DA:143,4
DA:147,9
DA:148,9
DA:153,13
DA:155,13
DA:158,13
DA:164,13
DA:165,4
DA:173,13
DA:174,2
DA:176,1
DA:179,1
DA:186,13
DA:187,13
DA:188,13
DA:193,7
DA:196,7
DA:202,5
DA:210,5
DA:212,4
DA:215,1
DA:220,5
DA:226,10
DA:235,13
LF:39
LH:39
BRDA:53,1,0,27
BRDA:53,1,1,0
BRDA:100,2,0,15
BRDA:100,2,1,1
BRDA:101,3,0,14
BRDA:101,3,1,1
BRDA:102,4,0,13
BRDA:102,4,1,1
BRDA:135,5,0,13
BRDA:135,5,1,0
BRDA:142,6,0,4
BRDA:142,6,1,9
BRDA:158,7,0,13
BRDA:158,7,1,0
BRDA:164,8,0,4
BRDA:164,8,1,9
BRDA:173,9,0,2
BRDA:173,9,1,11
BRDA:174,10,0,1
BRDA:174,10,1,1
BRDA:196,11,0,5
BRDA:196,11,1,2
BRDA:210,12,0,4
BRDA:210,12,1,1
BRDA:226,13,0,10
BRDA:226,13,1,0
BRF:26
BRH:22
end_of_record
TN:
SF:/root/nft-auction-js3/contracts/NftAuctionV2.sol
FN:7,testHello
FNF:1
FNH:1
FNDA:5,testHello
DA:8,5
LF:1
LH:1
BRF:0
BRH:0
end_of_record
